<?xml version="1.0" encoding="UTF-8"?>
<!-- Generated by org.testng.reporters.JUnitXMLReporter -->
<testsuite ignored="0" hostname="LAPTOP-U2LDDGU0" failures="0" tests="4" name="Test" time="191.718" errors="0" timestamp="2022-08-01T19:41:25 IST">
  <testcase classname="Academy.E2EProject.HomePage" name="basePageNavigation" time="72.569"/>
  <testcase classname="Academy.E2EProject.HomePage" name="basePageNavigation" time="41.719"/>
  <testcase classname="Academy.E2EProject.validateTitle" name="validateTitle" time="0.147"/>
  <testcase classname="Academy.E2EProject.validateNavigationBar" name="navigationBar" time="0.126"/>
</testsuite> <!-- Test -->
