<?xml version="1.0" encoding="UTF-8"?>
<testng-results ignored="0" total="2" passed="2" failed="0" skipped="0">
  <reporter-output>
  </reporter-output>
  <suite started-at="2022-08-02T17:33:38 IST" name="Default suite" finished-at="2022-08-02T17:35:15 IST" duration-ms="96813">
    <groups>
    </groups>
    <test started-at="2022-08-02T17:33:38 IST" name="Default test" finished-at="2022-08-02T17:35:15 IST" duration-ms="96813">
      <class name="Academy.E2EProject.HomePage">
        <test-method is-config="true" signature="initialize()[pri:0, instance:Academy.E2EProject.HomePage@2262b621]" started-at="2022-08-02T17:33:38 IST" name="initialize" finished-at="2022-08-02T17:33:41 IST" duration-ms="3350" status="PASS">
          <reporter-output>
          </reporter-output>
        </test-method> <!-- initialize -->
        <test-method signature="basePageNavigation(java.lang.String,java.lang.String)[pri:0, instance:Academy.E2EProject.HomePage@2262b621]" started-at="2022-08-02T17:33:41 IST" name="basePageNavigation" data-provider="testData" finished-at="2022-08-02T17:34:44 IST" duration-ms="62549" status="PASS">
          <params>
            <param index="0">
              <value>
                <![CDATA[nonrestricteduser.com]]>
              </value>
            </param>
            <param index="1">
              <value>
                <![CDATA[23454]]>
              </value>
            </param>
          </params>
          <reporter-output>
          </reporter-output>
        </test-method> <!-- basePageNavigation -->
        <test-method signature="basePageNavigation(java.lang.String,java.lang.String)[pri:0, instance:Academy.E2EProject.HomePage@2262b621]" started-at="2022-08-02T17:34:44 IST" name="basePageNavigation" data-provider="testData" finished-at="2022-08-02T17:35:15 IST" duration-ms="30704" status="PASS">
          <params>
            <param index="0">
              <value>
                <![CDATA[restricteduser.com]]>
              </value>
            </param>
            <param index="1">
              <value>
                <![CDATA[345243]]>
              </value>
            </param>
          </params>
          <reporter-output>
          </reporter-output>
        </test-method> <!-- basePageNavigation -->
        <test-method is-config="true" signature="teardown()[pri:0, instance:Academy.E2EProject.HomePage@2262b621]" started-at="2022-08-02T17:35:15 IST" name="teardown" finished-at="2022-08-02T17:35:15 IST" duration-ms="149" status="PASS">
          <reporter-output>
          </reporter-output>
        </test-method> <!-- teardown -->
      </class> <!-- Academy.E2EProject.HomePage -->
    </test> <!-- Default test -->
  </suite> <!-- Default suite -->
</testng-results>
